\BOOKMARK [1][-]{section.1}{\376\377\145\160\133\146\230\204\131\007}{}% 1
\BOOKMARK [1][-]{section.2}{\376\377\121\154\137\017\226\306\225\046\123\312\167\345\213\306\160\271\150\263\164\006}{}% 2
\BOOKMARK [2][-]{subsection.2.1}{\376\377\227\131\165\065\127\072\123\312\165\065\116\313\215\050}{section.2}% 3
\BOOKMARK [3][-]{subsubsection.2.1.1}{\376\377\227\131\165\065\127\072\127\372\147\054\162\151\164\006\221\317}{subsection.2.1}% 4
\BOOKMARK [3][-]{subsubsection.2.1.2}{\376\377\165\065\120\166\147\201\133\120}{subsection.2.1}% 5
\BOOKMARK [3][-]{subsubsection.2.1.3}{\376\377\133\374\117\123}{subsection.2.1}% 6
\BOOKMARK [3][-]{subsubsection.2.1.4}{\376\377\166\370\116\222\117\134\165\050\200\375}{subsection.2.1}% 7
\BOOKMARK [3][-]{subsubsection.2.1.5}{\376\377\165\065\133\271}{subsection.2.1}% 8
\BOOKMARK [3][-]{subsubsection.2.1.6}{\376\377\125\057\116\000\140\047\133\232\164\006}{subsection.2.1}% 9
\BOOKMARK [3][-]{subsubsection.2.1.7}{\376\377\165\065\116\313\215\050}{subsection.2.1}% 10
\BOOKMARK [2][-]{subsection.2.2}{\376\377\227\131\170\301\127\072\123\312\170\301\116\313\215\050}{section.2}% 11
\BOOKMARK [3][-]{subsubsection.2.2.1}{\376\377\227\131\170\301\127\072\127\372\147\054\133\232\164\006}{subsection.2.2}% 12
\BOOKMARK [3][-]{subsubsection.2.2.2}{\376\377\170\301\127\072\133\371\165\065\155\101\121\103\123\312\136\046\165\065\174\222\133\120\166\204\117\134\165\050}{subsection.2.2}% 13
\BOOKMARK [3][-]{subsubsection.2.2.3}{\376\377\170\301\116\313\215\050}{subsection.2.2}% 14
\BOOKMARK [2][-]{subsection.2.3}{\376\377\165\065\170\301\141\037\136\224}{section.2}% 15
\BOOKMARK [3][-]{subsubsection.2.3.1}{\376\377\122\250\165\037\165\065\122\250\122\277}{subsection.2.3}% 16
\BOOKMARK [3][-]{subsubsection.2.3.2}{\376\377\141\037\165\037\165\065\122\250\122\277}{subsection.2.3}% 17
\BOOKMARK [3][-]{subsubsection.2.3.3}{\376\377\201\352\141\037\116\016\116\222\141\037}{subsection.2.3}% 18
\BOOKMARK [2][-]{subsection.2.4}{\376\377\165\065\215\357}{section.2}% 19
\BOOKMARK [3][-]{subsubsection.2.4.1}{\376\377\167\254\140\001\217\307\172\013}{subsection.2.4}% 20
\BOOKMARK [3][-]{subsubsection.2.4.2}{\376\377\146\202\140\001\217\307\172\013}{subsection.2.4}% 21
\BOOKMARK [2][-]{subsection.2.5}{\376\377\236\246\121\113\145\257\227\346\145\271\172\013\176\304}{section.2}% 22
\BOOKMARK [3][-]{subsubsection.2.5.1}{\376\377\217\271\165\114\147\141\116\366}{subsection.2.5}% 23
\BOOKMARK [3][-]{subsubsection.2.5.2}{\376\377\165\065\170\301\154\342}{subsection.2.5}% 24
